[14244:259:0124/145533.035062:WARNING:chrome_main_delegate.cc(672)] This is Chrome version 131.0.6778.265 (not a warning)
[14244:259:0124/145533.283802:INFO:chrome_browser_cloud_management_controller.cc(196)] No machine level policy manager exists.
[14248:259:0124/145533.578671:WARNING:viz_main_impl.cc(85)] VizNullHypothesis is disabled (not a warning)
[14244:259:0124/145534.869301:INFO:CONSOLE(238)] "
%cЗупиніться! font-family:helvetica; font-size:20px; font-size:50px; font-weight:bold; color:red; -webkit-text-stroke:1px black;", source: https://static.cdninstagram.com/rsrc.php/v4/yV/r/UuR9wRCx8wi.js (238)
[14244:259:0124/145534.869391:INFO:CONSOLE(238)] "
%cЦю функцію браузера призначено для розробників. Якщо хтось сказав вам щось скопіювати й сюди вставити, щоб увімкнути функцію Instagram або «зламати» чийсь обліковий запис, це шахраї. Виконавши ці дії, ви надасте їм доступ до свого облікового запису Instagram. font-family:helvetica; font-size:20px; ", source: https://static.cdninstagram.com/rsrc.php/v4/yV/r/UuR9wRCx8wi.js (238)
[14244:259:0124/145534.869422:INFO:CONSOLE(238)] "
%cПерегляньте https://www.facebook.com/selfxss для додаткової інформації. font-family:helvetica; font-size:20px; ", source: https://static.cdninstagram.com/rsrc.php/v4/yV/r/UuR9wRCx8wi.js (238)
[14244:259:0124/145534.869447:INFO:CONSOLE(238)] "
%c ", source: https://static.cdninstagram.com/rsrc.php/v4/yV/r/UuR9wRCx8wi.js (238)
[14244:259:0124/145535.031093:INFO:CONSOLE(0)] "Banner not shown: beforeinstallpromptevent.preventDefault() called. The page must call beforeinstallpromptevent.prompt() to show the banner.", source: https://www.instagram.com/ (0)
[14244:259:0124/145621.445876:INFO:CONSOLE(238)] "
%cЗупиніться! font-family:helvetica; font-size:20px; font-size:50px; font-weight:bold; color:red; -webkit-text-stroke:1px black;", source: https://static.xx.fbcdn.net/rsrc.php/v4/yV/r/UuR9wRCx8wi.js (238)
[14244:259:0124/145621.445982:INFO:CONSOLE(238)] "
%cЦю функцію браузера призначено для розробників. Якщо хтось сказав вам щось скопіювати й сюди вставити, щоб увімкнути функцію Instagram або «зламати» чийсь обліковий запис, це шахраї. Виконавши ці дії, ви надасте їм доступ до свого облікового запису Instagram. font-family:helvetica; font-size:20px; ", source: https://static.xx.fbcdn.net/rsrc.php/v4/yV/r/UuR9wRCx8wi.js (238)
[14244:259:0124/145621.446038:INFO:CONSOLE(238)] "
%cПерегляньте https://www.facebook.com/selfxss для додаткової інформації. font-family:helvetica; font-size:20px; ", source: https://static.xx.fbcdn.net/rsrc.php/v4/yV/r/UuR9wRCx8wi.js (238)
[14244:259:0124/145621.446074:INFO:CONSOLE(238)] "
%c ", source: https://static.xx.fbcdn.net/rsrc.php/v4/yV/r/UuR9wRCx8wi.js (238)
[14244:259:0124/145625.829393:INFO:CONSOLE(238)] "
%cЗупиніться! font-family:helvetica; font-size:20px; font-size:50px; font-weight:bold; color:red; -webkit-text-stroke:1px black;", source: https://static.cdninstagram.com/rsrc.php/v4/yV/r/UuR9wRCx8wi.js (238)
[14244:259:0124/145625.829475:INFO:CONSOLE(238)] "
%cЦю функцію браузера призначено для розробників. Якщо хтось сказав вам щось скопіювати й сюди вставити, щоб увімкнути функцію Instagram або «зламати» чийсь обліковий запис, це шахраї. Виконавши ці дії, ви надасте їм доступ до свого облікового запису Instagram. font-family:helvetica; font-size:20px; ", source: https://static.cdninstagram.com/rsrc.php/v4/yV/r/UuR9wRCx8wi.js (238)
[14244:259:0124/145625.829535:INFO:CONSOLE(238)] "
%cПерегляньте https://www.facebook.com/selfxss для додаткової інформації. font-family:helvetica; font-size:20px; ", source: https://static.cdninstagram.com/rsrc.php/v4/yV/r/UuR9wRCx8wi.js (238)
[14244:259:0124/145625.829556:INFO:CONSOLE(238)] "
%c ", source: https://static.cdninstagram.com/rsrc.php/v4/yV/r/UuR9wRCx8wi.js (238)
[14244:259:0124/145626.054798:INFO:CONSOLE(0)] "Banner not shown: beforeinstallpromptevent.preventDefault() called. The page must call beforeinstallpromptevent.prompt() to show the banner.", source: https://www.instagram.com/ (0)
[14244:259:0124/145637.015825:INFO:CONSOLE(0)] "[DOM] Password field is not contained in a form: (More info: https://goo.gl/9p2vKq) %o", source: https://www.instagram.com/ (0)
[14244:259:0124/145726.997502:INFO:CONSOLE(238)] "
%cЗупиніться! font-family:helvetica; font-size:20px; font-size:50px; font-weight:bold; color:red; -webkit-text-stroke:1px black;", source: https://static.cdninstagram.com/rsrc.php/v4/yV/r/UuR9wRCx8wi.js (238)
[14244:259:0124/145726.997583:INFO:CONSOLE(238)] "
%cЦю функцію браузера призначено для розробників. Якщо хтось сказав вам щось скопіювати й сюди вставити, щоб увімкнути функцію Instagram або «зламати» чийсь обліковий запис, це шахраї. Виконавши ці дії, ви надасте їм доступ до свого облікового запису Instagram. font-family:helvetica; font-size:20px; ", source: https://static.cdninstagram.com/rsrc.php/v4/yV/r/UuR9wRCx8wi.js (238)
[14244:259:0124/145726.997635:INFO:CONSOLE(238)] "
%cПерегляньте https://www.facebook.com/selfxss для додаткової інформації. font-family:helvetica; font-size:20px; ", source: https://static.cdninstagram.com/rsrc.php/v4/yV/r/UuR9wRCx8wi.js (238)
[14244:259:0124/145726.997672:INFO:CONSOLE(238)] "
%c ", source: https://static.cdninstagram.com/rsrc.php/v4/yV/r/UuR9wRCx8wi.js (238)
[14244:259:0124/145727.031662:INFO:CONSOLE(1)] "Manifest: Line: 1, column: 1, Syntax error.", source: https://www.instagram.com/data/manifest.json (1)
[14244:259:0124/145733.031818:INFO:CONSOLE(435)] "Rendering was performed in a subtree hidden by content-visibility.", source: https://static.cdninstagram.com/rsrc.php/v4iIPS4/yz/l/rt/IGyh6FUuJwYnNqdXeguPWl9qWtdxo4jSJzUow4mrRNnLb4klL3-OP2WCGXu8DIPTpbEJQnrKjd_BYbII0Vb7XfKAcihpAHHOASsdHjsMdvH8qsHJwGYS9SEl4j2RIPnSGkpaUDCsRFwAiH7qTpPuRJjYyWrAkFFqMQobcT6N3IdlWqixOn5S5iMjjan4UJEUQKqfPfoZuXEN2eUnTmM84SfiWlvq97fEJcQV8XasgdY83cXcJrDDGM47JYRWc9qMEkYMFZyz.js (435)
[14244:259:0124/145733.043482:INFO:CONSOLE(435)] "Rendering was performed in a subtree hidden by content-visibility.", source: https://static.cdninstagram.com/rsrc.php/v4iIPS4/yz/l/rt/IGyh6FUuJwYnNqdXeguPWl9qWtdxo4jSJzUow4mrRNnLb4klL3-OP2WCGXu8DIPTpbEJQnrKjd_BYbII0Vb7XfKAcihpAHHOASsdHjsMdvH8qsHJwGYS9SEl4j2RIPnSGkpaUDCsRFwAiH7qTpPuRJjYyWrAkFFqMQobcT6N3IdlWqixOn5S5iMjjan4UJEUQKqfPfoZuXEN2eUnTmM84SfiWlvq97fEJcQV8XasgdY83cXcJrDDGM47JYRWc9qMEkYMFZyz.js (435)
[14244:259:0124/145733.043594:INFO:CONSOLE(435)] "Rendering was performed in a subtree hidden by content-visibility.", source: https://static.cdninstagram.com/rsrc.php/v4iIPS4/yz/l/rt/IGyh6FUuJwYnNqdXeguPWl9qWtdxo4jSJzUow4mrRNnLb4klL3-OP2WCGXu8DIPTpbEJQnrKjd_BYbII0Vb7XfKAcihpAHHOASsdHjsMdvH8qsHJwGYS9SEl4j2RIPnSGkpaUDCsRFwAiH7qTpPuRJjYyWrAkFFqMQobcT6N3IdlWqixOn5S5iMjjan4UJEUQKqfPfoZuXEN2eUnTmM84SfiWlvq97fEJcQV8XasgdY83cXcJrDDGM47JYRWc9qMEkYMFZyz.js (435)
[14244:259:0124/145733.043649:INFO:CONSOLE(435)] "Rendering was performed in a subtree hidden by content-visibility.", source: https://static.cdninstagram.com/rsrc.php/v4iIPS4/yz/l/rt/IGyh6FUuJwYnNqdXeguPWl9qWtdxo4jSJzUow4mrRNnLb4klL3-OP2WCGXu8DIPTpbEJQnrKjd_BYbII0Vb7XfKAcihpAHHOASsdHjsMdvH8qsHJwGYS9SEl4j2RIPnSGkpaUDCsRFwAiH7qTpPuRJjYyWrAkFFqMQobcT6N3IdlWqixOn5S5iMjjan4UJEUQKqfPfoZuXEN2eUnTmM84SfiWlvq97fEJcQV8XasgdY83cXcJrDDGM47JYRWc9qMEkYMFZyz.js (435)
[14244:259:0124/145733.043716:INFO:CONSOLE(435)] "Rendering was performed in a subtree hidden by content-visibility.", source: https://static.cdninstagram.com/rsrc.php/v4iIPS4/yz/l/rt/IGyh6FUuJwYnNqdXeguPWl9qWtdxo4jSJzUow4mrRNnLb4klL3-OP2WCGXu8DIPTpbEJQnrKjd_BYbII0Vb7XfKAcihpAHHOASsdHjsMdvH8qsHJwGYS9SEl4j2RIPnSGkpaUDCsRFwAiH7qTpPuRJjYyWrAkFFqMQobcT6N3IdlWqixOn5S5iMjjan4UJEUQKqfPfoZuXEN2eUnTmM84SfiWlvq97fEJcQV8XasgdY83cXcJrDDGM47JYRWc9qMEkYMFZyz.js (435)
[14244:259:0124/145733.043766:INFO:CONSOLE(435)] "Rendering was performed in a subtree hidden by content-visibility.", source: https://static.cdninstagram.com/rsrc.php/v4iIPS4/yz/l/rt/IGyh6FUuJwYnNqdXeguPWl9qWtdxo4jSJzUow4mrRNnLb4klL3-OP2WCGXu8DIPTpbEJQnrKjd_BYbII0Vb7XfKAcihpAHHOASsdHjsMdvH8qsHJwGYS9SEl4j2RIPnSGkpaUDCsRFwAiH7qTpPuRJjYyWrAkFFqMQobcT6N3IdlWqixOn5S5iMjjan4UJEUQKqfPfoZuXEN2eUnTmM84SfiWlvq97fEJcQV8XasgdY83cXcJrDDGM47JYRWc9qMEkYMFZyz.js (435)
[14244:259:0124/145733.043788:INFO:CONSOLE(435)] "Rendering was performed in a subtree hidden by content-visibility.", source: https://static.cdninstagram.com/rsrc.php/v4iIPS4/yz/l/rt/IGyh6FUuJwYnNqdXeguPWl9qWtdxo4jSJzUow4mrRNnLb4klL3-OP2WCGXu8DIPTpbEJQnrKjd_BYbII0Vb7XfKAcihpAHHOASsdHjsMdvH8qsHJwGYS9SEl4j2RIPnSGkpaUDCsRFwAiH7qTpPuRJjYyWrAkFFqMQobcT6N3IdlWqixOn5S5iMjjan4UJEUQKqfPfoZuXEN2eUnTmM84SfiWlvq97fEJcQV8XasgdY83cXcJrDDGM47JYRWc9qMEkYMFZyz.js (435)
[14244:259:0124/145733.043814:INFO:CONSOLE(435)] "Rendering was performed in a subtree hidden by content-visibility.", source: https://static.cdninstagram.com/rsrc.php/v4iIPS4/yz/l/rt/IGyh6FUuJwYnNqdXeguPWl9qWtdxo4jSJzUow4mrRNnLb4klL3-OP2WCGXu8DIPTpbEJQnrKjd_BYbII0Vb7XfKAcihpAHHOASsdHjsMdvH8qsHJwGYS9SEl4j2RIPnSGkpaUDCsRFwAiH7qTpPuRJjYyWrAkFFqMQobcT6N3IdlWqixOn5S5iMjjan4UJEUQKqfPfoZuXEN2eUnTmM84SfiWlvq97fEJcQV8XasgdY83cXcJrDDGM47JYRWc9qMEkYMFZyz.js (435)
[14244:259:0124/145733.043849:INFO:CONSOLE(435)] "Rendering was performed in a subtree hidden by content-visibility.", source: https://static.cdninstagram.com/rsrc.php/v4iIPS4/yz/l/rt/IGyh6FUuJwYnNqdXeguPWl9qWtdxo4jSJzUow4mrRNnLb4klL3-OP2WCGXu8DIPTpbEJQnrKjd_BYbII0Vb7XfKAcihpAHHOASsdHjsMdvH8qsHJwGYS9SEl4j2RIPnSGkpaUDCsRFwAiH7qTpPuRJjYyWrAkFFqMQobcT6N3IdlWqixOn5S5iMjjan4UJEUQKqfPfoZuXEN2eUnTmM84SfiWlvq97fEJcQV8XasgdY83cXcJrDDGM47JYRWc9qMEkYMFZyz.js (435)
[14244:259:0124/145733.043926:INFO:CONSOLE(435)] "Rendering was performed in a subtree hidden by content-visibility.", source: https://static.cdninstagram.com/rsrc.php/v4iIPS4/yz/l/rt/IGyh6FUuJwYnNqdXeguPWl9qWtdxo4jSJzUow4mrRNnLb4klL3-OP2WCGXu8DIPTpbEJQnrKjd_BYbII0Vb7XfKAcihpAHHOASsdHjsMdvH8qsHJwGYS9SEl4j2RIPnSGkpaUDCsRFwAiH7qTpPuRJjYyWrAkFFqMQobcT6N3IdlWqixOn5S5iMjjan4UJEUQKqfPfoZuXEN2eUnTmM84SfiWlvq97fEJcQV8XasgdY83cXcJrDDGM47JYRWc9qMEkYMFZyz.js (435)
[14244:259:0124/145733.043966:INFO:CONSOLE(435)] "Rendering was performed in a subtree hidden by content-visibility.", source: https://static.cdninstagram.com/rsrc.php/v4iIPS4/yz/l/rt/IGyh6FUuJwYnNqdXeguPWl9qWtdxo4jSJzUow4mrRNnLb4klL3-OP2WCGXu8DIPTpbEJQnrKjd_BYbII0Vb7XfKAcihpAHHOASsdHjsMdvH8qsHJwGYS9SEl4j2RIPnSGkpaUDCsRFwAiH7qTpPuRJjYyWrAkFFqMQobcT6N3IdlWqixOn5S5iMjjan4UJEUQKqfPfoZuXEN2eUnTmM84SfiWlvq97fEJcQV8XasgdY83cXcJrDDGM47JYRWc9qMEkYMFZyz.js (435)
[14244:259:0124/145733.044013:INFO:CONSOLE(435)] "Rendering was performed in a subtree hidden by content-visibility.", source: https://static.cdninstagram.com/rsrc.php/v4iIPS4/yz/l/rt/IGyh6FUuJwYnNqdXeguPWl9qWtdxo4jSJzUow4mrRNnLb4klL3-OP2WCGXu8DIPTpbEJQnrKjd_BYbII0Vb7XfKAcihpAHHOASsdHjsMdvH8qsHJwGYS9SEl4j2RIPnSGkpaUDCsRFwAiH7qTpPuRJjYyWrAkFFqMQobcT6N3IdlWqixOn5S5iMjjan4UJEUQKqfPfoZuXEN2eUnTmM84SfiWlvq97fEJcQV8XasgdY83cXcJrDDGM47JYRWc9qMEkYMFZyz.js (435)
[14244:259:0124/145733.044091:INFO:CONSOLE(435)] "Rendering was performed in a subtree hidden by content-visibility.", source: https://static.cdninstagram.com/rsrc.php/v4iIPS4/yz/l/rt/IGyh6FUuJwYnNqdXeguPWl9qWtdxo4jSJzUow4mrRNnLb4klL3-OP2WCGXu8DIPTpbEJQnrKjd_BYbII0Vb7XfKAcihpAHHOASsdHjsMdvH8qsHJwGYS9SEl4j2RIPnSGkpaUDCsRFwAiH7qTpPuRJjYyWrAkFFqMQobcT6N3IdlWqixOn5S5iMjjan4UJEUQKqfPfoZuXEN2eUnTmM84SfiWlvq97fEJcQV8XasgdY83cXcJrDDGM47JYRWc9qMEkYMFZyz.js (435)
[14244:259:0124/145733.044148:INFO:CONSOLE(435)] "Rendering was performed in a subtree hidden by content-visibility.", source: https://static.cdninstagram.com/rsrc.php/v4iIPS4/yz/l/rt/IGyh6FUuJwYnNqdXeguPWl9qWtdxo4jSJzUow4mrRNnLb4klL3-OP2WCGXu8DIPTpbEJQnrKjd_BYbII0Vb7XfKAcihpAHHOASsdHjsMdvH8qsHJwGYS9SEl4j2RIPnSGkpaUDCsRFwAiH7qTpPuRJjYyWrAkFFqMQobcT6N3IdlWqixOn5S5iMjjan4UJEUQKqfPfoZuXEN2eUnTmM84SfiWlvq97fEJcQV8XasgdY83cXcJrDDGM47JYRWc9qMEkYMFZyz.js (435)
[14244:259:0124/145733.044175:INFO:CONSOLE(435)] "Rendering was performed in a subtree hidden by content-visibility.", source: https://static.cdninstagram.com/rsrc.php/v4iIPS4/yz/l/rt/IGyh6FUuJwYnNqdXeguPWl9qWtdxo4jSJzUow4mrRNnLb4klL3-OP2WCGXu8DIPTpbEJQnrKjd_BYbII0Vb7XfKAcihpAHHOASsdHjsMdvH8qsHJwGYS9SEl4j2RIPnSGkpaUDCsRFwAiH7qTpPuRJjYyWrAkFFqMQobcT6N3IdlWqixOn5S5iMjjan4UJEUQKqfPfoZuXEN2eUnTmM84SfiWlvq97fEJcQV8XasgdY83cXcJrDDGM47JYRWc9qMEkYMFZyz.js (435)
[14244:259:0124/145733.044244:INFO:CONSOLE(435)] "Rendering was performed in a subtree hidden by content-visibility.", source: https://static.cdninstagram.com/rsrc.php/v4iIPS4/yz/l/rt/IGyh6FUuJwYnNqdXeguPWl9qWtdxo4jSJzUow4mrRNnLb4klL3-OP2WCGXu8DIPTpbEJQnrKjd_BYbII0Vb7XfKAcihpAHHOASsdHjsMdvH8qsHJwGYS9SEl4j2RIPnSGkpaUDCsRFwAiH7qTpPuRJjYyWrAkFFqMQobcT6N3IdlWqixOn5S5iMjjan4UJEUQKqfPfoZuXEN2eUnTmM84SfiWlvq97fEJcQV8XasgdY83cXcJrDDGM47JYRWc9qMEkYMFZyz.js (435)
[14244:259:0124/145733.044316:INFO:CONSOLE(435)] "Rendering was performed in a subtree hidden by content-visibility.", source: https://static.cdninstagram.com/rsrc.php/v4iIPS4/yz/l/rt/IGyh6FUuJwYnNqdXeguPWl9qWtdxo4jSJzUow4mrRNnLb4klL3-OP2WCGXu8DIPTpbEJQnrKjd_BYbII0Vb7XfKAcihpAHHOASsdHjsMdvH8qsHJwGYS9SEl4j2RIPnSGkpaUDCsRFwAiH7qTpPuRJjYyWrAkFFqMQobcT6N3IdlWqixOn5S5iMjjan4UJEUQKqfPfoZuXEN2eUnTmM84SfiWlvq97fEJcQV8XasgdY83cXcJrDDGM47JYRWc9qMEkYMFZyz.js (435)
[14244:259:0124/145733.044350:INFO:CONSOLE(435)] "Rendering was performed in a subtree hidden by content-visibility.", source: https://static.cdninstagram.com/rsrc.php/v4iIPS4/yz/l/rt/IGyh6FUuJwYnNqdXeguPWl9qWtdxo4jSJzUow4mrRNnLb4klL3-OP2WCGXu8DIPTpbEJQnrKjd_BYbII0Vb7XfKAcihpAHHOASsdHjsMdvH8qsHJwGYS9SEl4j2RIPnSGkpaUDCsRFwAiH7qTpPuRJjYyWrAkFFqMQobcT6N3IdlWqixOn5S5iMjjan4UJEUQKqfPfoZuXEN2eUnTmM84SfiWlvq97fEJcQV8XasgdY83cXcJrDDGM47JYRWc9qMEkYMFZyz.js (435)
[14244:259:0124/145733.044452:INFO:CONSOLE(435)] "Rendering was performed in a subtree hidden by content-visibility.", source: https://static.cdninstagram.com/rsrc.php/v4iIPS4/yz/l/rt/IGyh6FUuJwYnNqdXeguPWl9qWtdxo4jSJzUow4mrRNnLb4klL3-OP2WCGXu8DIPTpbEJQnrKjd_BYbII0Vb7XfKAcihpAHHOASsdHjsMdvH8qsHJwGYS9SEl4j2RIPnSGkpaUDCsRFwAiH7qTpPuRJjYyWrAkFFqMQobcT6N3IdlWqixOn5S5iMjjan4UJEUQKqfPfoZuXEN2eUnTmM84SfiWlvq97fEJcQV8XasgdY83cXcJrDDGM47JYRWc9qMEkYMFZyz.js (435)
[14244:259:0124/145733.044533:INFO:CONSOLE(435)] "Rendering was performed in a subtree hidden by content-visibility.", source: https://static.cdninstagram.com/rsrc.php/v4iIPS4/yz/l/rt/IGyh6FUuJwYnNqdXeguPWl9qWtdxo4jSJzUow4mrRNnLb4klL3-OP2WCGXu8DIPTpbEJQnrKjd_BYbII0Vb7XfKAcihpAHHOASsdHjsMdvH8qsHJwGYS9SEl4j2RIPnSGkpaUDCsRFwAiH7qTpPuRJjYyWrAkFFqMQobcT6N3IdlWqixOn5S5iMjjan4UJEUQKqfPfoZuXEN2eUnTmM84SfiWlvq97fEJcQV8XasgdY83cXcJrDDGM47JYRWc9qMEkYMFZyz.js (435)
[14244:259:0124/145733.044741:INFO:CONSOLE(435)] "Rendering was performed in a subtree hidden by content-visibility.", source: https://static.cdninstagram.com/rsrc.php/v4iIPS4/yz/l/rt/IGyh6FUuJwYnNqdXeguPWl9qWtdxo4jSJzUow4mrRNnLb4klL3-OP2WCGXu8DIPTpbEJQnrKjd_BYbII0Vb7XfKAcihpAHHOASsdHjsMdvH8qsHJwGYS9SEl4j2RIPnSGkpaUDCsRFwAiH7qTpPuRJjYyWrAkFFqMQobcT6N3IdlWqixOn5S5iMjjan4UJEUQKqfPfoZuXEN2eUnTmM84SfiWlvq97fEJcQV8XasgdY83cXcJrDDGM47JYRWc9qMEkYMFZyz.js (435)
[14244:259:0124/145733.044785:INFO:CONSOLE(435)] "Rendering was performed in a subtree hidden by content-visibility.", source: https://static.cdninstagram.com/rsrc.php/v4iIPS4/yz/l/rt/IGyh6FUuJwYnNqdXeguPWl9qWtdxo4jSJzUow4mrRNnLb4klL3-OP2WCGXu8DIPTpbEJQnrKjd_BYbII0Vb7XfKAcihpAHHOASsdHjsMdvH8qsHJwGYS9SEl4j2RIPnSGkpaUDCsRFwAiH7qTpPuRJjYyWrAkFFqMQobcT6N3IdlWqixOn5S5iMjjan4UJEUQKqfPfoZuXEN2eUnTmM84SfiWlvq97fEJcQV8XasgdY83cXcJrDDGM47JYRWc9qMEkYMFZyz.js (435)
[14244:259:0124/145733.044838:INFO:CONSOLE(435)] "Rendering was performed in a subtree hidden by content-visibility.", source: https://static.cdninstagram.com/rsrc.php/v4iIPS4/yz/l/rt/IGyh6FUuJwYnNqdXeguPWl9qWtdxo4jSJzUow4mrRNnLb4klL3-OP2WCGXu8DIPTpbEJQnrKjd_BYbII0Vb7XfKAcihpAHHOASsdHjsMdvH8qsHJwGYS9SEl4j2RIPnSGkpaUDCsRFwAiH7qTpPuRJjYyWrAkFFqMQobcT6N3IdlWqixOn5S5iMjjan4UJEUQKqfPfoZuXEN2eUnTmM84SfiWlvq97fEJcQV8XasgdY83cXcJrDDGM47JYRWc9qMEkYMFZyz.js (435)
[14244:259:0124/145733.056895:INFO:CONSOLE(435)] "Rendering was performed in a subtree hidden by content-visibility.", source: https://static.cdninstagram.com/rsrc.php/v4iIPS4/yz/l/rt/IGyh6FUuJwYnNqdXeguPWl9qWtdxo4jSJzUow4mrRNnLb4klL3-OP2WCGXu8DIPTpbEJQnrKjd_BYbII0Vb7XfKAcihpAHHOASsdHjsMdvH8qsHJwGYS9SEl4j2RIPnSGkpaUDCsRFwAiH7qTpPuRJjYyWrAkFFqMQobcT6N3IdlWqixOn5S5iMjjan4UJEUQKqfPfoZuXEN2eUnTmM84SfiWlvq97fEJcQV8XasgdY83cXcJrDDGM47JYRWc9qMEkYMFZyz.js (435)
[14244:259:0124/145733.058297:INFO:CONSOLE(435)] "Rendering was performed in a subtree hidden by content-visibility.", source: https://static.cdninstagram.com/rsrc.php/v4iIPS4/yz/l/rt/IGyh6FUuJwYnNqdXeguPWl9qWtdxo4jSJzUow4mrRNnLb4klL3-OP2WCGXu8DIPTpbEJQnrKjd_BYbII0Vb7XfKAcihpAHHOASsdHjsMdvH8qsHJwGYS9SEl4j2RIPnSGkpaUDCsRFwAiH7qTpPuRJjYyWrAkFFqMQobcT6N3IdlWqixOn5S5iMjjan4UJEUQKqfPfoZuXEN2eUnTmM84SfiWlvq97fEJcQV8XasgdY83cXcJrDDGM47JYRWc9qMEkYMFZyz.js (435)
[14244:259:0124/145733.058388:INFO:CONSOLE(435)] "Rendering was performed in a subtree hidden by content-visibility.", source: https://static.cdninstagram.com/rsrc.php/v4iIPS4/yz/l/rt/IGyh6FUuJwYnNqdXeguPWl9qWtdxo4jSJzUow4mrRNnLb4klL3-OP2WCGXu8DIPTpbEJQnrKjd_BYbII0Vb7XfKAcihpAHHOASsdHjsMdvH8qsHJwGYS9SEl4j2RIPnSGkpaUDCsRFwAiH7qTpPuRJjYyWrAkFFqMQobcT6N3IdlWqixOn5S5iMjjan4UJEUQKqfPfoZuXEN2eUnTmM84SfiWlvq97fEJcQV8XasgdY83cXcJrDDGM47JYRWc9qMEkYMFZyz.js (435)
[14244:259:0124/145733.058441:INFO:CONSOLE(435)] "Rendering was performed in a subtree hidden by content-visibility.", source: https://static.cdninstagram.com/rsrc.php/v4iIPS4/yz/l/rt/IGyh6FUuJwYnNqdXeguPWl9qWtdxo4jSJzUow4mrRNnLb4klL3-OP2WCGXu8DIPTpbEJQnrKjd_BYbII0Vb7XfKAcihpAHHOASsdHjsMdvH8qsHJwGYS9SEl4j2RIPnSGkpaUDCsRFwAiH7qTpPuRJjYyWrAkFFqMQobcT6N3IdlWqixOn5S5iMjjan4UJEUQKqfPfoZuXEN2eUnTmM84SfiWlvq97fEJcQV8XasgdY83cXcJrDDGM47JYRWc9qMEkYMFZyz.js (435)
[14244:259:0124/145733.058512:INFO:CONSOLE(435)] "Rendering was performed in a subtree hidden by content-visibility.", source: https://static.cdninstagram.com/rsrc.php/v4iIPS4/yz/l/rt/IGyh6FUuJwYnNqdXeguPWl9qWtdxo4jSJzUow4mrRNnLb4klL3-OP2WCGXu8DIPTpbEJQnrKjd_BYbII0Vb7XfKAcihpAHHOASsdHjsMdvH8qsHJwGYS9SEl4j2RIPnSGkpaUDCsRFwAiH7qTpPuRJjYyWrAkFFqMQobcT6N3IdlWqixOn5S5iMjjan4UJEUQKqfPfoZuXEN2eUnTmM84SfiWlvq97fEJcQV8XasgdY83cXcJrDDGM47JYRWc9qMEkYMFZyz.js (435)
[14244:259:0124/145733.058545:INFO:CONSOLE(435)] "Rendering was performed in a subtree hidden by content-visibility.", source: https://static.cdninstagram.com/rsrc.php/v4iIPS4/yz/l/rt/IGyh6FUuJwYnNqdXeguPWl9qWtdxo4jSJzUow4mrRNnLb4klL3-OP2WCGXu8DIPTpbEJQnrKjd_BYbII0Vb7XfKAcihpAHHOASsdHjsMdvH8qsHJwGYS9SEl4j2RIPnSGkpaUDCsRFwAiH7qTpPuRJjYyWrAkFFqMQobcT6N3IdlWqixOn5S5iMjjan4UJEUQKqfPfoZuXEN2eUnTmM84SfiWlvq97fEJcQV8XasgdY83cXcJrDDGM47JYRWc9qMEkYMFZyz.js (435)
[14244:259:0124/145733.058630:INFO:CONSOLE(435)] "Rendering was performed in a subtree hidden by content-visibility.", source: https://static.cdninstagram.com/rsrc.php/v4iIPS4/yz/l/rt/IGyh6FUuJwYnNqdXeguPWl9qWtdxo4jSJzUow4mrRNnLb4klL3-OP2WCGXu8DIPTpbEJQnrKjd_BYbII0Vb7XfKAcihpAHHOASsdHjsMdvH8qsHJwGYS9SEl4j2RIPnSGkpaUDCsRFwAiH7qTpPuRJjYyWrAkFFqMQobcT6N3IdlWqixOn5S5iMjjan4UJEUQKqfPfoZuXEN2eUnTmM84SfiWlvq97fEJcQV8XasgdY83cXcJrDDGM47JYRWc9qMEkYMFZyz.js (435)
[14244:259:0124/145733.058674:INFO:CONSOLE(435)] "Rendering was performed in a subtree hidden by content-visibility.", source: https://static.cdninstagram.com/rsrc.php/v4iIPS4/yz/l/rt/IGyh6FUuJwYnNqdXeguPWl9qWtdxo4jSJzUow4mrRNnLb4klL3-OP2WCGXu8DIPTpbEJQnrKjd_BYbII0Vb7XfKAcihpAHHOASsdHjsMdvH8qsHJwGYS9SEl4j2RIPnSGkpaUDCsRFwAiH7qTpPuRJjYyWrAkFFqMQobcT6N3IdlWqixOn5S5iMjjan4UJEUQKqfPfoZuXEN2eUnTmM84SfiWlvq97fEJcQV8XasgdY83cXcJrDDGM47JYRWc9qMEkYMFZyz.js (435)
[14244:259:0124/145733.058741:INFO:CONSOLE(435)] "Rendering was performed in a subtree hidden by content-visibility.", source: https://static.cdninstagram.com/rsrc.php/v4iIPS4/yz/l/rt/IGyh6FUuJwYnNqdXeguPWl9qWtdxo4jSJzUow4mrRNnLb4klL3-OP2WCGXu8DIPTpbEJQnrKjd_BYbII0Vb7XfKAcihpAHHOASsdHjsMdvH8qsHJwGYS9SEl4j2RIPnSGkpaUDCsRFwAiH7qTpPuRJjYyWrAkFFqMQobcT6N3IdlWqixOn5S5iMjjan4UJEUQKqfPfoZuXEN2eUnTmM84SfiWlvq97fEJcQV8XasgdY83cXcJrDDGM47JYRWc9qMEkYMFZyz.js (435)
[14244:259:0124/145733.058821:INFO:CONSOLE(435)] "Rendering was performed in a subtree hidden by content-visibility.", source: https://static.cdninstagram.com/rsrc.php/v4iIPS4/yz/l/rt/IGyh6FUuJwYnNqdXeguPWl9qWtdxo4jSJzUow4mrRNnLb4klL3-OP2WCGXu8DIPTpbEJQnrKjd_BYbII0Vb7XfKAcihpAHHOASsdHjsMdvH8qsHJwGYS9SEl4j2RIPnSGkpaUDCsRFwAiH7qTpPuRJjYyWrAkFFqMQobcT6N3IdlWqixOn5S5iMjjan4UJEUQKqfPfoZuXEN2eUnTmM84SfiWlvq97fEJcQV8XasgdY83cXcJrDDGM47JYRWc9qMEkYMFZyz.js (435)
[14244:259:0124/145733.058880:INFO:CONSOLE(435)] "Rendering was performed in a subtree hidden by content-visibility.", source: https://static.cdninstagram.com/rsrc.php/v4iIPS4/yz/l/rt/IGyh6FUuJwYnNqdXeguPWl9qWtdxo4jSJzUow4mrRNnLb4klL3-OP2WCGXu8DIPTpbEJQnrKjd_BYbII0Vb7XfKAcihpAHHOASsdHjsMdvH8qsHJwGYS9SEl4j2RIPnSGkpaUDCsRFwAiH7qTpPuRJjYyWrAkFFqMQobcT6N3IdlWqixOn5S5iMjjan4UJEUQKqfPfoZuXEN2eUnTmM84SfiWlvq97fEJcQV8XasgdY83cXcJrDDGM47JYRWc9qMEkYMFZyz.js (435)
[14244:259:0124/145733.058951:INFO:CONSOLE(435)] "Rendering was performed in a subtree hidden by content-visibility.", source: https://static.cdninstagram.com/rsrc.php/v4iIPS4/yz/l/rt/IGyh6FUuJwYnNqdXeguPWl9qWtdxo4jSJzUow4mrRNnLb4klL3-OP2WCGXu8DIPTpbEJQnrKjd_BYbII0Vb7XfKAcihpAHHOASsdHjsMdvH8qsHJwGYS9SEl4j2RIPnSGkpaUDCsRFwAiH7qTpPuRJjYyWrAkFFqMQobcT6N3IdlWqixOn5S5iMjjan4UJEUQKqfPfoZuXEN2eUnTmM84SfiWlvq97fEJcQV8XasgdY83cXcJrDDGM47JYRWc9qMEkYMFZyz.js (435)
[14244:259:0124/145733.059058:INFO:CONSOLE(435)] "Rendering was performed in a subtree hidden by content-visibility.", source: https://static.cdninstagram.com/rsrc.php/v4iIPS4/yz/l/rt/IGyh6FUuJwYnNqdXeguPWl9qWtdxo4jSJzUow4mrRNnLb4klL3-OP2WCGXu8DIPTpbEJQnrKjd_BYbII0Vb7XfKAcihpAHHOASsdHjsMdvH8qsHJwGYS9SEl4j2RIPnSGkpaUDCsRFwAiH7qTpPuRJjYyWrAkFFqMQobcT6N3IdlWqixOn5S5iMjjan4UJEUQKqfPfoZuXEN2eUnTmM84SfiWlvq97fEJcQV8XasgdY83cXcJrDDGM47JYRWc9qMEkYMFZyz.js (435)
[14244:259:0124/145733.059099:INFO:CONSOLE(435)] "Rendering was performed in a subtree hidden by content-visibility.", source: https://static.cdninstagram.com/rsrc.php/v4iIPS4/yz/l/rt/IGyh6FUuJwYnNqdXeguPWl9qWtdxo4jSJzUow4mrRNnLb4klL3-OP2WCGXu8DIPTpbEJQnrKjd_BYbII0Vb7XfKAcihpAHHOASsdHjsMdvH8qsHJwGYS9SEl4j2RIPnSGkpaUDCsRFwAiH7qTpPuRJjYyWrAkFFqMQobcT6N3IdlWqixOn5S5iMjjan4UJEUQKqfPfoZuXEN2eUnTmM84SfiWlvq97fEJcQV8XasgdY83cXcJrDDGM47JYRWc9qMEkYMFZyz.js (435)
[14244:259:0124/145733.059142:INFO:CONSOLE(435)] "Rendering was performed in a subtree hidden by content-visibility.", source: https://static.cdninstagram.com/rsrc.php/v4iIPS4/yz/l/rt/IGyh6FUuJwYnNqdXeguPWl9qWtdxo4jSJzUow4mrRNnLb4klL3-OP2WCGXu8DIPTpbEJQnrKjd_BYbII0Vb7XfKAcihpAHHOASsdHjsMdvH8qsHJwGYS9SEl4j2RIPnSGkpaUDCsRFwAiH7qTpPuRJjYyWrAkFFqMQobcT6N3IdlWqixOn5S5iMjjan4UJEUQKqfPfoZuXEN2eUnTmM84SfiWlvq97fEJcQV8XasgdY83cXcJrDDGM47JYRWc9qMEkYMFZyz.js (435)
[14244:259:0124/145733.059203:INFO:CONSOLE(435)] "Rendering was performed in a subtree hidden by content-visibility.", source: https://static.cdninstagram.com/rsrc.php/v4iIPS4/yz/l/rt/IGyh6FUuJwYnNqdXeguPWl9qWtdxo4jSJzUow4mrRNnLb4klL3-OP2WCGXu8DIPTpbEJQnrKjd_BYbII0Vb7XfKAcihpAHHOASsdHjsMdvH8qsHJwGYS9SEl4j2RIPnSGkpaUDCsRFwAiH7qTpPuRJjYyWrAkFFqMQobcT6N3IdlWqixOn5S5iMjjan4UJEUQKqfPfoZuXEN2eUnTmM84SfiWlvq97fEJcQV8XasgdY83cXcJrDDGM47JYRWc9qMEkYMFZyz.js (435)
[14244:259:0124/145733.059254:INFO:CONSOLE(435)] "Rendering was performed in a subtree hidden by content-visibility.", source: https://static.cdninstagram.com/rsrc.php/v4iIPS4/yz/l/rt/IGyh6FUuJwYnNqdXeguPWl9qWtdxo4jSJzUow4mrRNnLb4klL3-OP2WCGXu8DIPTpbEJQnrKjd_BYbII0Vb7XfKAcihpAHHOASsdHjsMdvH8qsHJwGYS9SEl4j2RIPnSGkpaUDCsRFwAiH7qTpPuRJjYyWrAkFFqMQobcT6N3IdlWqixOn5S5iMjjan4UJEUQKqfPfoZuXEN2eUnTmM84SfiWlvq97fEJcQV8XasgdY83cXcJrDDGM47JYRWc9qMEkYMFZyz.js (435)
[14244:259:0124/145733.059323:INFO:CONSOLE(435)] "Rendering was performed in a subtree hidden by content-visibility.", source: https://static.cdninstagram.com/rsrc.php/v4iIPS4/yz/l/rt/IGyh6FUuJwYnNqdXeguPWl9qWtdxo4jSJzUow4mrRNnLb4klL3-OP2WCGXu8DIPTpbEJQnrKjd_BYbII0Vb7XfKAcihpAHHOASsdHjsMdvH8qsHJwGYS9SEl4j2RIPnSGkpaUDCsRFwAiH7qTpPuRJjYyWrAkFFqMQobcT6N3IdlWqixOn5S5iMjjan4UJEUQKqfPfoZuXEN2eUnTmM84SfiWlvq97fEJcQV8XasgdY83cXcJrDDGM47JYRWc9qMEkYMFZyz.js (435)
[14244:259:0124/145733.059354:INFO:CONSOLE(435)] "Rendering was performed in a subtree hidden by content-visibility.", source: https://static.cdninstagram.com/rsrc.php/v4iIPS4/yz/l/rt/IGyh6FUuJwYnNqdXeguPWl9qWtdxo4jSJzUow4mrRNnLb4klL3-OP2WCGXu8DIPTpbEJQnrKjd_BYbII0Vb7XfKAcihpAHHOASsdHjsMdvH8qsHJwGYS9SEl4j2RIPnSGkpaUDCsRFwAiH7qTpPuRJjYyWrAkFFqMQobcT6N3IdlWqixOn5S5iMjjan4UJEUQKqfPfoZuXEN2eUnTmM84SfiWlvq97fEJcQV8XasgdY83cXcJrDDGM47JYRWc9qMEkYMFZyz.js (435)
[14244:259:0124/145733.059393:INFO:CONSOLE(435)] "Rendering was performed in a subtree hidden by content-visibility.", source: https://static.cdninstagram.com/rsrc.php/v4iIPS4/yz/l/rt/IGyh6FUuJwYnNqdXeguPWl9qWtdxo4jSJzUow4mrRNnLb4klL3-OP2WCGXu8DIPTpbEJQnrKjd_BYbII0Vb7XfKAcihpAHHOASsdHjsMdvH8qsHJwGYS9SEl4j2RIPnSGkpaUDCsRFwAiH7qTpPuRJjYyWrAkFFqMQobcT6N3IdlWqixOn5S5iMjjan4UJEUQKqfPfoZuXEN2eUnTmM84SfiWlvq97fEJcQV8XasgdY83cXcJrDDGM47JYRWc9qMEkYMFZyz.js (435)
[14244:259:0124/145733.059510:INFO:CONSOLE(435)] "Rendering was performed in a subtree hidden by content-visibility.", source: https://static.cdninstagram.com/rsrc.php/v4iIPS4/yz/l/rt/IGyh6FUuJwYnNqdXeguPWl9qWtdxo4jSJzUow4mrRNnLb4klL3-OP2WCGXu8DIPTpbEJQnrKjd_BYbII0Vb7XfKAcihpAHHOASsdHjsMdvH8qsHJwGYS9SEl4j2RIPnSGkpaUDCsRFwAiH7qTpPuRJjYyWrAkFFqMQobcT6N3IdlWqixOn5S5iMjjan4UJEUQKqfPfoZuXEN2eUnTmM84SfiWlvq97fEJcQV8XasgdY83cXcJrDDGM47JYRWc9qMEkYMFZyz.js (435)
[14244:259:0124/145733.059546:INFO:CONSOLE(435)] "Rendering was performed in a subtree hidden by content-visibility.", source: https://static.cdninstagram.com/rsrc.php/v4iIPS4/yz/l/rt/IGyh6FUuJwYnNqdXeguPWl9qWtdxo4jSJzUow4mrRNnLb4klL3-OP2WCGXu8DIPTpbEJQnrKjd_BYbII0Vb7XfKAcihpAHHOASsdHjsMdvH8qsHJwGYS9SEl4j2RIPnSGkpaUDCsRFwAiH7qTpPuRJjYyWrAkFFqMQobcT6N3IdlWqixOn5S5iMjjan4UJEUQKqfPfoZuXEN2eUnTmM84SfiWlvq97fEJcQV8XasgdY83cXcJrDDGM47JYRWc9qMEkYMFZyz.js (435)
[14244:259:0124/145733.059581:INFO:CONSOLE(435)] "Rendering was performed in a subtree hidden by content-visibility.", source: https://static.cdninstagram.com/rsrc.php/v4iIPS4/yz/l/rt/IGyh6FUuJwYnNqdXeguPWl9qWtdxo4jSJzUow4mrRNnLb4klL3-OP2WCGXu8DIPTpbEJQnrKjd_BYbII0Vb7XfKAcihpAHHOASsdHjsMdvH8qsHJwGYS9SEl4j2RIPnSGkpaUDCsRFwAiH7qTpPuRJjYyWrAkFFqMQobcT6N3IdlWqixOn5S5iMjjan4UJEUQKqfPfoZuXEN2eUnTmM84SfiWlvq97fEJcQV8XasgdY83cXcJrDDGM47JYRWc9qMEkYMFZyz.js (435)
[14244:259:0124/145733.059621:INFO:CONSOLE(435)] "Rendering was performed in a subtree hidden by content-visibility.", source: https://static.cdninstagram.com/rsrc.php/v4iIPS4/yz/l/rt/IGyh6FUuJwYnNqdXeguPWl9qWtdxo4jSJzUow4mrRNnLb4klL3-OP2WCGXu8DIPTpbEJQnrKjd_BYbII0Vb7XfKAcihpAHHOASsdHjsMdvH8qsHJwGYS9SEl4j2RIPnSGkpaUDCsRFwAiH7qTpPuRJjYyWrAkFFqMQobcT6N3IdlWqixOn5S5iMjjan4UJEUQKqfPfoZuXEN2eUnTmM84SfiWlvq97fEJcQV8XasgdY83cXcJrDDGM47JYRWc9qMEkYMFZyz.js (435)
[14244:259:0124/145733.059738:INFO:CONSOLE(435)] "Rendering was performed in a subtree hidden by content-visibility.", source: https://static.cdninstagram.com/rsrc.php/v4iIPS4/yz/l/rt/IGyh6FUuJwYnNqdXeguPWl9qWtdxo4jSJzUow4mrRNnLb4klL3-OP2WCGXu8DIPTpbEJQnrKjd_BYbII0Vb7XfKAcihpAHHOASsdHjsMdvH8qsHJwGYS9SEl4j2RIPnSGkpaUDCsRFwAiH7qTpPuRJjYyWrAkFFqMQobcT6N3IdlWqixOn5S5iMjjan4UJEUQKqfPfoZuXEN2eUnTmM84SfiWlvq97fEJcQV8XasgdY83cXcJrDDGM47JYRWc9qMEkYMFZyz.js (435)
[14244:259:0124/145733.059789:INFO:CONSOLE(435)] "Rendering was performed in a subtree hidden by content-visibility.", source: https://static.cdninstagram.com/rsrc.php/v4iIPS4/yz/l/rt/IGyh6FUuJwYnNqdXeguPWl9qWtdxo4jSJzUow4mrRNnLb4klL3-OP2WCGXu8DIPTpbEJQnrKjd_BYbII0Vb7XfKAcihpAHHOASsdHjsMdvH8qsHJwGYS9SEl4j2RIPnSGkpaUDCsRFwAiH7qTpPuRJjYyWrAkFFqMQobcT6N3IdlWqixOn5S5iMjjan4UJEUQKqfPfoZuXEN2eUnTmM84SfiWlvq97fEJcQV8XasgdY83cXcJrDDGM47JYRWc9qMEkYMFZyz.js (435)
[14244:259:0124/145733.059889:INFO:CONSOLE(435)] "Rendering was performed in a subtree hidden by content-visibility.", source: https://static.cdninstagram.com/rsrc.php/v4iIPS4/yz/l/rt/IGyh6FUuJwYnNqdXeguPWl9qWtdxo4jSJzUow4mrRNnLb4klL3-OP2WCGXu8DIPTpbEJQnrKjd_BYbII0Vb7XfKAcihpAHHOASsdHjsMdvH8qsHJwGYS9SEl4j2RIPnSGkpaUDCsRFwAiH7qTpPuRJjYyWrAkFFqMQobcT6N3IdlWqixOn5S5iMjjan4UJEUQKqfPfoZuXEN2eUnTmM84SfiWlvq97fEJcQV8XasgdY83cXcJrDDGM47JYRWc9qMEkYMFZyz.js (435)
[14244:259:0124/145733.059949:INFO:CONSOLE(435)] "Rendering was performed in a subtree hidden by content-visibility.", source: https://static.cdninstagram.com/rsrc.php/v4iIPS4/yz/l/rt/IGyh6FUuJwYnNqdXeguPWl9qWtdxo4jSJzUow4mrRNnLb4klL3-OP2WCGXu8DIPTpbEJQnrKjd_BYbII0Vb7XfKAcihpAHHOASsdHjsMdvH8qsHJwGYS9SEl4j2RIPnSGkpaUDCsRFwAiH7qTpPuRJjYyWrAkFFqMQobcT6N3IdlWqixOn5S5iMjjan4UJEUQKqfPfoZuXEN2eUnTmM84SfiWlvq97fEJcQV8XasgdY83cXcJrDDGM47JYRWc9qMEkYMFZyz.js (435)
[14244:259:0124/145733.901155:INFO:CONSOLE(238)] "
%cЗупиніться! font-family:helvetica; font-size:20px; font-size:50px; font-weight:bold; color:red; -webkit-text-stroke:1px black;", source: https://static.cdninstagram.com/rsrc.php/v4/yV/r/UuR9wRCx8wi.js (238)
[14244:259:0124/145733.901307:INFO:CONSOLE(238)] "
%cЦю функцію браузера призначено для розробників. Якщо хтось сказав вам щось скопіювати й сюди вставити, щоб увімкнути функцію Instagram або «зламати» чийсь обліковий запис, це шахраї. Виконавши ці дії, ви надасте їм доступ до свого облікового запису Instagram. font-family:helvetica; font-size:20px; ", source: https://static.cdninstagram.com/rsrc.php/v4/yV/r/UuR9wRCx8wi.js (238)
[14244:259:0124/145733.901378:INFO:CONSOLE(238)] "
%cПерегляньте https://www.facebook.com/selfxss для додаткової інформації. font-family:helvetica; font-size:20px; ", source: https://static.cdninstagram.com/rsrc.php/v4/yV/r/UuR9wRCx8wi.js (238)
[14244:259:0124/145733.901422:INFO:CONSOLE(238)] "
%c ", source: https://static.cdninstagram.com/rsrc.php/v4/yV/r/UuR9wRCx8wi.js (238)
[14244:259:0124/145734.377974:INFO:CONSOLE(0)] "Banner not shown: beforeinstallpromptevent.preventDefault() called. The page must call beforeinstallpromptevent.prompt() to show the banner.", source: https://www.instagram.com/ (0)
[14272:64015:0124/145734.429553:ERROR:ffmpeg_common.cc(970)] Unsupported pixel format: -1
[14339:259:0124/145734.658115:ERROR:system_services.cc(31)] SetApplicationIsDaemon: Error Domain=NSOSStatusErrorDomain Code=-50 "paramErr: error in user parameter list" (-50)
[14244:259:0124/145737.587137:INFO:CONSOLE(234)] "Permissions policy violation: unload is not allowed in this document.", source: https://static.xx.fbcdn.net/rsrc.php/v4/yV/r/UuR9wRCx8wi.js (234)
[14249:19971:0124/145741.137003:WARNING:sqlite_persistent_store_backend_base.cc(198)] Failed to post task from FlushAndNotifyInBackground@net/extras/sqlite/sqlite_persistent_store_backend_base.cc:248 to client_task_runner_.
[14249:19971:0124/145741.143476:WARNING:sqlite_persistent_store_backend_base.cc(198)] Failed to post task from FlushAndNotifyInBackground@net/extras/sqlite/sqlite_persistent_store_backend_base.cc:248 to client_task_runner_.
