[14352:259:0124/145741.469110:WARNING:chrome_main_delegate.cc(672)] This is Chrome version 131.0.6778.265 (not a warning)
[14352:259:0124/145741.762379:INFO:chrome_browser_cloud_management_controller.cc(196)] No machine level policy manager exists.
[14358:259:0124/145742.065875:WARNING:viz_main_impl.cc(85)] VizNullHypothesis is disabled (not a warning)
[14352:259:0124/145743.616044:INFO:CONSOLE(435)] "Rendering was performed in a subtree hidden by content-visibility.", source: https://static.cdninstagram.com/rsrc.php/v4iIPS4/yz/l/rt/IGyh6FUuJwYnNqdXeguPWl9qWtdxo4jSJzUow4mrRNnLb4klL3-OP2WCGXu8DIPTpbEJQnrKjd_BYbII0Vb7XfKAcihpAHHOASsdHjsMdvH8qsHJwGYS9SEl4j2RIPnSGkpaUDCsRFwAiH7qTpPuRJjYyWrAkFFqMQobcT6N3IdlWqixOn5S5iMjjan4UJEUQKqfPfoZuXEN2eUnTmM84SfiWlvq97fEJcQV8XasgdY83cXcJrDDGM47JYRWc9qMEkYMFZyz.js (435)
[14352:259:0124/145743.631545:INFO:CONSOLE(435)] "Rendering was performed in a subtree hidden by content-visibility.", source: https://static.cdninstagram.com/rsrc.php/v4iIPS4/yz/l/rt/IGyh6FUuJwYnNqdXeguPWl9qWtdxo4jSJzUow4mrRNnLb4klL3-OP2WCGXu8DIPTpbEJQnrKjd_BYbII0Vb7XfKAcihpAHHOASsdHjsMdvH8qsHJwGYS9SEl4j2RIPnSGkpaUDCsRFwAiH7qTpPuRJjYyWrAkFFqMQobcT6N3IdlWqixOn5S5iMjjan4UJEUQKqfPfoZuXEN2eUnTmM84SfiWlvq97fEJcQV8XasgdY83cXcJrDDGM47JYRWc9qMEkYMFZyz.js (435)
[14352:259:0124/145743.631625:INFO:CONSOLE(435)] "Rendering was performed in a subtree hidden by content-visibility.", source: https://static.cdninstagram.com/rsrc.php/v4iIPS4/yz/l/rt/IGyh6FUuJwYnNqdXeguPWl9qWtdxo4jSJzUow4mrRNnLb4klL3-OP2WCGXu8DIPTpbEJQnrKjd_BYbII0Vb7XfKAcihpAHHOASsdHjsMdvH8qsHJwGYS9SEl4j2RIPnSGkpaUDCsRFwAiH7qTpPuRJjYyWrAkFFqMQobcT6N3IdlWqixOn5S5iMjjan4UJEUQKqfPfoZuXEN2eUnTmM84SfiWlvq97fEJcQV8XasgdY83cXcJrDDGM47JYRWc9qMEkYMFZyz.js (435)
[14352:259:0124/145743.634229:INFO:CONSOLE(435)] "Rendering was performed in a subtree hidden by content-visibility.", source: https://static.cdninstagram.com/rsrc.php/v4iIPS4/yz/l/rt/IGyh6FUuJwYnNqdXeguPWl9qWtdxo4jSJzUow4mrRNnLb4klL3-OP2WCGXu8DIPTpbEJQnrKjd_BYbII0Vb7XfKAcihpAHHOASsdHjsMdvH8qsHJwGYS9SEl4j2RIPnSGkpaUDCsRFwAiH7qTpPuRJjYyWrAkFFqMQobcT6N3IdlWqixOn5S5iMjjan4UJEUQKqfPfoZuXEN2eUnTmM84SfiWlvq97fEJcQV8XasgdY83cXcJrDDGM47JYRWc9qMEkYMFZyz.js (435)
[14352:259:0124/145743.634309:INFO:CONSOLE(435)] "Rendering was performed in a subtree hidden by content-visibility.", source: https://static.cdninstagram.com/rsrc.php/v4iIPS4/yz/l/rt/IGyh6FUuJwYnNqdXeguPWl9qWtdxo4jSJzUow4mrRNnLb4klL3-OP2WCGXu8DIPTpbEJQnrKjd_BYbII0Vb7XfKAcihpAHHOASsdHjsMdvH8qsHJwGYS9SEl4j2RIPnSGkpaUDCsRFwAiH7qTpPuRJjYyWrAkFFqMQobcT6N3IdlWqixOn5S5iMjjan4UJEUQKqfPfoZuXEN2eUnTmM84SfiWlvq97fEJcQV8XasgdY83cXcJrDDGM47JYRWc9qMEkYMFZyz.js (435)
[14352:259:0124/145746.657163:INFO:CONSOLE(238)] "
%cЗупиніться! font-family:helvetica; font-size:20px; font-size:50px; font-weight:bold; color:red; -webkit-text-stroke:1px black;", source: https://static.cdninstagram.com/rsrc.php/v4/yV/r/UuR9wRCx8wi.js (238)
[14352:259:0124/145746.657272:INFO:CONSOLE(238)] "
%cЦю функцію браузера призначено для розробників. Якщо хтось сказав вам щось скопіювати й сюди вставити, щоб увімкнути функцію Instagram або «зламати» чийсь обліковий запис, це шахраї. Виконавши ці дії, ви надасте їм доступ до свого облікового запису Instagram. font-family:helvetica; font-size:20px; ", source: https://static.cdninstagram.com/rsrc.php/v4/yV/r/UuR9wRCx8wi.js (238)
[14352:259:0124/145746.657367:INFO:CONSOLE(238)] "
%cПерегляньте https://www.facebook.com/selfxss для додаткової інформації. font-family:helvetica; font-size:20px; ", source: https://static.cdninstagram.com/rsrc.php/v4/yV/r/UuR9wRCx8wi.js (238)
[14352:259:0124/145746.657453:INFO:CONSOLE(238)] "
%c ", source: https://static.cdninstagram.com/rsrc.php/v4/yV/r/UuR9wRCx8wi.js (238)
[14352:259:0124/145746.953311:INFO:CONSOLE(0)] "Banner not shown: beforeinstallpromptevent.preventDefault() called. The page must call beforeinstallpromptevent.prompt() to show the banner.", source: https://www.instagram.com/ (0)
[14352:259:0124/145750.107579:INFO:CONSOLE(234)] "Permissions policy violation: unload is not allowed in this document.", source: https://static.xx.fbcdn.net/rsrc.php/v4/yV/r/UuR9wRCx8wi.js (234)
[14359:17411:0124/145757.215450:WARNING:sqlite_persistent_store_backend_base.cc(198)] Failed to post task from FlushAndNotifyInBackground@net/extras/sqlite/sqlite_persistent_store_backend_base.cc:248 to client_task_runner_.
[14359:17411:0124/145757.221606:WARNING:sqlite_persistent_store_backend_base.cc(198)] Failed to post task from FlushAndNotifyInBackground@net/extras/sqlite/sqlite_persistent_store_backend_base.cc:248 to client_task_runner_.
