[11394:259:0124/140640.671869:WARNING:chrome_main_delegate.cc(672)] This is Chrome version 131.0.6778.265 (not a warning)
[11394:259:0124/140640.993269:INFO:chrome_browser_cloud_management_controller.cc(196)] No machine level policy manager exists.
[11401:259:0124/140641.486274:WARNING:viz_main_impl.cc(85)] VizNullHypothesis is disabled (not a warning)
[11394:259:0124/140643.559414:INFO:CONSOLE(238)] "
%cЗупиніться! font-family:helvetica; font-size:20px; font-size:50px; font-weight:bold; color:red; -webkit-text-stroke:1px black;", source: https://static.cdninstagram.com/rsrc.php/v4/yV/r/UuR9wRCx8wi.js (238)
[11394:259:0124/140643.559495:INFO:CONSOLE(238)] "
%cЦю функцію браузера призначено для розробників. Якщо хтось сказав вам щось скопіювати й сюди вставити, щоб увімкнути функцію Instagram або «зламати» чийсь обліковий запис, це шахраї. Виконавши ці дії, ви надасте їм доступ до свого облікового запису Instagram. font-family:helvetica; font-size:20px; ", source: https://static.cdninstagram.com/rsrc.php/v4/yV/r/UuR9wRCx8wi.js (238)
[11394:259:0124/140643.559531:INFO:CONSOLE(238)] "
%cПерегляньте https://www.facebook.com/selfxss для додаткової інформації. font-family:helvetica; font-size:20px; ", source: https://static.cdninstagram.com/rsrc.php/v4/yV/r/UuR9wRCx8wi.js (238)
[11394:259:0124/140643.559631:INFO:CONSOLE(238)] "
%c ", source: https://static.cdninstagram.com/rsrc.php/v4/yV/r/UuR9wRCx8wi.js (238)
[11394:259:0124/140643.981892:INFO:CONSOLE(1)] "Manifest: Line: 1, column: 1, Syntax error.", source: https://www.instagram.com/data/manifest.json (1)
[11394:259:0124/140820.320888:INFO:CONSOLE(238)] "
%cЗупиніться! font-family:helvetica; font-size:20px; font-size:50px; font-weight:bold; color:red; -webkit-text-stroke:1px black;", source: https://static.cdninstagram.com/rsrc.php/v4/yV/r/UuR9wRCx8wi.js (238)
[11394:259:0124/140820.321032:INFO:CONSOLE(238)] "
%cЦю функцію браузера призначено для розробників. Якщо хтось сказав вам щось скопіювати й сюди вставити, щоб увімкнути функцію Instagram або «зламати» чийсь обліковий запис, це шахраї. Виконавши ці дії, ви надасте їм доступ до свого облікового запису Instagram. font-family:helvetica; font-size:20px; ", source: https://static.cdninstagram.com/rsrc.php/v4/yV/r/UuR9wRCx8wi.js (238)
[11394:259:0124/140820.321085:INFO:CONSOLE(238)] "
%cПерегляньте https://www.facebook.com/selfxss для додаткової інформації. font-family:helvetica; font-size:20px; ", source: https://static.cdninstagram.com/rsrc.php/v4/yV/r/UuR9wRCx8wi.js (238)
[11394:259:0124/140820.321121:INFO:CONSOLE(238)] "
%c ", source: https://static.cdninstagram.com/rsrc.php/v4/yV/r/UuR9wRCx8wi.js (238)
[11394:259:0124/140821.093540:INFO:CONSOLE(1)] "Manifest: Line: 1, column: 1, Syntax error.", source: https://www.instagram.com/data/manifest.json (1)
