[13045:259:0124/143621.978967:WARNING:chrome_main_delegate.cc(672)] This is Chrome version 131.0.6778.265 (not a warning)
[13045:259:0124/143622.315631:INFO:chrome_browser_cloud_management_controller.cc(196)] No machine level policy manager exists.
[13054:259:0124/143622.673931:WARNING:viz_main_impl.cc(85)] VizNullHypothesis is disabled (not a warning)
[13045:259:0124/143624.356545:INFO:CONSOLE(435)] "Rendering was performed in a subtree hidden by content-visibility.", source: https://static.cdninstagram.com/rsrc.php/v4iIPS4/yE/l/rt/IGyh6FUuJwYnNqdXeguPWl9qWtdxo4jSJzUow4mrRNnLb4klL3-OP2WCGXu8DIPTpbEJQnrKjd_BYbII0Vb7XfKAcihpAHHOASsdHjsMdvH8qsHJwGYS9SEl4j2RIPnSGkpaUDCsRFwAiH7qTpPuRJjYyWrAkFFqMQobcT6N3IdlWqixOn5S5iMjjan4UJEUQKqfPfoZuXEN2eUnTmM84SfiWlvq97fEJcQV8XasgdY83cXcJrDDGM47JYRWcU0wjeX-DjP99qMEkYMFZyz.js (435)
[13045:259:0124/143624.373251:INFO:CONSOLE(435)] "Rendering was performed in a subtree hidden by content-visibility.", source: https://static.cdninstagram.com/rsrc.php/v4iIPS4/yE/l/rt/IGyh6FUuJwYnNqdXeguPWl9qWtdxo4jSJzUow4mrRNnLb4klL3-OP2WCGXu8DIPTpbEJQnrKjd_BYbII0Vb7XfKAcihpAHHOASsdHjsMdvH8qsHJwGYS9SEl4j2RIPnSGkpaUDCsRFwAiH7qTpPuRJjYyWrAkFFqMQobcT6N3IdlWqixOn5S5iMjjan4UJEUQKqfPfoZuXEN2eUnTmM84SfiWlvq97fEJcQV8XasgdY83cXcJrDDGM47JYRWcU0wjeX-DjP99qMEkYMFZyz.js (435)
[13045:259:0124/143624.373330:INFO:CONSOLE(435)] "Rendering was performed in a subtree hidden by content-visibility.", source: https://static.cdninstagram.com/rsrc.php/v4iIPS4/yE/l/rt/IGyh6FUuJwYnNqdXeguPWl9qWtdxo4jSJzUow4mrRNnLb4klL3-OP2WCGXu8DIPTpbEJQnrKjd_BYbII0Vb7XfKAcihpAHHOASsdHjsMdvH8qsHJwGYS9SEl4j2RIPnSGkpaUDCsRFwAiH7qTpPuRJjYyWrAkFFqMQobcT6N3IdlWqixOn5S5iMjjan4UJEUQKqfPfoZuXEN2eUnTmM84SfiWlvq97fEJcQV8XasgdY83cXcJrDDGM47JYRWcU0wjeX-DjP99qMEkYMFZyz.js (435)
[13045:259:0124/143624.376665:INFO:CONSOLE(435)] "Rendering was performed in a subtree hidden by content-visibility.", source: https://static.cdninstagram.com/rsrc.php/v4iIPS4/yE/l/rt/IGyh6FUuJwYnNqdXeguPWl9qWtdxo4jSJzUow4mrRNnLb4klL3-OP2WCGXu8DIPTpbEJQnrKjd_BYbII0Vb7XfKAcihpAHHOASsdHjsMdvH8qsHJwGYS9SEl4j2RIPnSGkpaUDCsRFwAiH7qTpPuRJjYyWrAkFFqMQobcT6N3IdlWqixOn5S5iMjjan4UJEUQKqfPfoZuXEN2eUnTmM84SfiWlvq97fEJcQV8XasgdY83cXcJrDDGM47JYRWcU0wjeX-DjP99qMEkYMFZyz.js (435)
[13045:259:0124/143624.376794:INFO:CONSOLE(435)] "Rendering was performed in a subtree hidden by content-visibility.", source: https://static.cdninstagram.com/rsrc.php/v4iIPS4/yE/l/rt/IGyh6FUuJwYnNqdXeguPWl9qWtdxo4jSJzUow4mrRNnLb4klL3-OP2WCGXu8DIPTpbEJQnrKjd_BYbII0Vb7XfKAcihpAHHOASsdHjsMdvH8qsHJwGYS9SEl4j2RIPnSGkpaUDCsRFwAiH7qTpPuRJjYyWrAkFFqMQobcT6N3IdlWqixOn5S5iMjjan4UJEUQKqfPfoZuXEN2eUnTmM84SfiWlvq97fEJcQV8XasgdY83cXcJrDDGM47JYRWcU0wjeX-DjP99qMEkYMFZyz.js (435)
[13045:259:0124/143625.021979:INFO:CONSOLE(238)] "
%cЗупиніться! font-family:helvetica; font-size:20px; font-size:50px; font-weight:bold; color:red; -webkit-text-stroke:1px black;", source: https://static.cdninstagram.com/rsrc.php/v4/yV/r/UuR9wRCx8wi.js (238)
[13045:259:0124/143625.022111:INFO:CONSOLE(238)] "
%cЦю функцію браузера призначено для розробників. Якщо хтось сказав вам щось скопіювати й сюди вставити, щоб увімкнути функцію Instagram або «зламати» чийсь обліковий запис, це шахраї. Виконавши ці дії, ви надасте їм доступ до свого облікового запису Instagram. font-family:helvetica; font-size:20px; ", source: https://static.cdninstagram.com/rsrc.php/v4/yV/r/UuR9wRCx8wi.js (238)
[13045:259:0124/143625.022173:INFO:CONSOLE(238)] "
%cПерегляньте https://www.facebook.com/selfxss для додаткової інформації. font-family:helvetica; font-size:20px; ", source: https://static.cdninstagram.com/rsrc.php/v4/yV/r/UuR9wRCx8wi.js (238)
[13045:259:0124/143625.022219:INFO:CONSOLE(238)] "
%c ", source: https://static.cdninstagram.com/rsrc.php/v4/yV/r/UuR9wRCx8wi.js (238)
[13045:259:0124/143625.375002:INFO:CONSOLE(0)] "Banner not shown: beforeinstallpromptevent.preventDefault() called. The page must call beforeinstallpromptevent.prompt() to show the banner.", source: https://www.instagram.com/ (0)
[13045:259:0124/143628.535724:INFO:CONSOLE(234)] "Permissions policy violation: unload is not allowed in this document.", source: https://static.xx.fbcdn.net/rsrc.php/v4/yV/r/UuR9wRCx8wi.js (234)
[13045:259:0124/143643.759219:INFO:CONSOLE(71)] "ErrorUtils caught an error:

ReStore transaction took too long to execute, check it: LSDatascriptEvaluator:231. Executed SP: undefined.

Subsequent non-fatal errors won't be logged; see https://fburl.com/debugjs.", source: https://static.cdninstagram.com/rsrc.php/v4/yV/r/UuR9wRCx8wi.js (71)
[13055:20227:0124/143650.947167:WARNING:sqlite_persistent_store_backend_base.cc(198)] Failed to post task from FlushAndNotifyInBackground@net/extras/sqlite/sqlite_persistent_store_backend_base.cc:248 to client_task_runner_.
[13055:20227:0124/143650.947587:WARNING:sqlite_persistent_store_backend_base.cc(198)] Failed to post task from FlushAndNotifyInBackground@net/extras/sqlite/sqlite_persistent_store_backend_base.cc:248 to client_task_runner_.
