[14379:259:0124/145757.492594:WARNING:chrome_main_delegate.cc(672)] This is Chrome version 131.0.6778.265 (not a warning)
[14379:259:0124/145757.733678:INFO:chrome_browser_cloud_management_controller.cc(196)] No machine level policy manager exists.
[14383:259:0124/145758.051041:WARNING:viz_main_impl.cc(85)] VizNullHypothesis is disabled (not a warning)
[14379:259:0124/145759.238508:INFO:CONSOLE(238)] "
%cЗупиніться! font-family:helvetica; font-size:20px; font-size:50px; font-weight:bold; color:red; -webkit-text-stroke:1px black;", source: https://static.cdninstagram.com/rsrc.php/v4/yV/r/UuR9wRCx8wi.js (238)
[14379:259:0124/145759.238598:INFO:CONSOLE(238)] "
%cЦю функцію браузера призначено для розробників. Якщо хтось сказав вам щось скопіювати й сюди вставити, щоб увімкнути функцію Instagram або «зламати» чийсь обліковий запис, це шахраї. Виконавши ці дії, ви надасте їм доступ до свого облікового запису Instagram. font-family:helvetica; font-size:20px; ", source: https://static.cdninstagram.com/rsrc.php/v4/yV/r/UuR9wRCx8wi.js (238)
[14379:259:0124/145759.238650:INFO:CONSOLE(238)] "
%cПерегляньте https://www.facebook.com/selfxss для додаткової інформації. font-family:helvetica; font-size:20px; ", source: https://static.cdninstagram.com/rsrc.php/v4/yV/r/UuR9wRCx8wi.js (238)
[14379:259:0124/145759.238708:INFO:CONSOLE(238)] "
%c ", source: https://static.cdninstagram.com/rsrc.php/v4/yV/r/UuR9wRCx8wi.js (238)
[14379:259:0124/145759.388131:INFO:CONSOLE(0)] "Banner not shown: beforeinstallpromptevent.preventDefault() called. The page must call beforeinstallpromptevent.prompt() to show the banner.", source: https://www.instagram.com/ (0)
[14379:259:0124/145802.540380:INFO:CONSOLE(0)] "[DOM] Password field is not contained in a form: (More info: https://goo.gl/9p2vKq) %o", source: https://www.instagram.com/ (0)
[14379:259:0124/145821.815686:INFO:CONSOLE(238)] "
%cЗупиніться! font-family:helvetica; font-size:20px; font-size:50px; font-weight:bold; color:red; -webkit-text-stroke:1px black;", source: https://static.cdninstagram.com/rsrc.php/v4/yV/r/UuR9wRCx8wi.js (238)
[14379:259:0124/145821.815867:INFO:CONSOLE(238)] "
%cЦю функцію браузера призначено для розробників. Якщо хтось сказав вам щось скопіювати й сюди вставити, щоб увімкнути функцію Instagram або «зламати» чийсь обліковий запис, це шахраї. Виконавши ці дії, ви надасте їм доступ до свого облікового запису Instagram. font-family:helvetica; font-size:20px; ", source: https://static.cdninstagram.com/rsrc.php/v4/yV/r/UuR9wRCx8wi.js (238)
[14379:259:0124/145821.815927:INFO:CONSOLE(238)] "
%cПерегляньте https://www.facebook.com/selfxss для додаткової інформації. font-family:helvetica; font-size:20px; ", source: https://static.cdninstagram.com/rsrc.php/v4/yV/r/UuR9wRCx8wi.js (238)
[14379:259:0124/145821.815960:INFO:CONSOLE(238)] "
%c ", source: https://static.cdninstagram.com/rsrc.php/v4/yV/r/UuR9wRCx8wi.js (238)
[14379:259:0124/145822.481782:INFO:CONSOLE(1)] "Manifest: Line: 1, column: 1, Syntax error.", source: https://www.instagram.com/data/manifest.json (1)
[14379:259:0124/145826.014288:INFO:CONSOLE(435)] "Rendering was performed in a subtree hidden by content-visibility.", source: https://static.cdninstagram.com/rsrc.php/v4iIPS4/yz/l/rt/IGyh6FUuJwYnNqdXeguPWl9qWtdxo4jSJzUow4mrRNnLb4klL3-OP2WCGXu8DIPTpbEJQnrKjd_BYbII0Vb7XfKAcihpAHHOASsdHjsMdvH8qsHJwGYS9SEl4j2RIPnSGkpaUDCsRFwAiH7qTpPuRJjYyWrAkFFqMQobcT6N3IdlWqixOn5S5iMjjan4UJEUQKqfPfoZuXEN2eUnTmM84SfiWlvq97fEJcQV8XasgdY83cXcJrDDGM47JYRWc9qMEkYMFZyz.js (435)
[14379:259:0124/145826.024961:INFO:CONSOLE(435)] "Rendering was performed in a subtree hidden by content-visibility.", source: https://static.cdninstagram.com/rsrc.php/v4iIPS4/yz/l/rt/IGyh6FUuJwYnNqdXeguPWl9qWtdxo4jSJzUow4mrRNnLb4klL3-OP2WCGXu8DIPTpbEJQnrKjd_BYbII0Vb7XfKAcihpAHHOASsdHjsMdvH8qsHJwGYS9SEl4j2RIPnSGkpaUDCsRFwAiH7qTpPuRJjYyWrAkFFqMQobcT6N3IdlWqixOn5S5iMjjan4UJEUQKqfPfoZuXEN2eUnTmM84SfiWlvq97fEJcQV8XasgdY83cXcJrDDGM47JYRWc9qMEkYMFZyz.js (435)
[14379:259:0124/145826.025104:INFO:CONSOLE(435)] "Rendering was performed in a subtree hidden by content-visibility.", source: https://static.cdninstagram.com/rsrc.php/v4iIPS4/yz/l/rt/IGyh6FUuJwYnNqdXeguPWl9qWtdxo4jSJzUow4mrRNnLb4klL3-OP2WCGXu8DIPTpbEJQnrKjd_BYbII0Vb7XfKAcihpAHHOASsdHjsMdvH8qsHJwGYS9SEl4j2RIPnSGkpaUDCsRFwAiH7qTpPuRJjYyWrAkFFqMQobcT6N3IdlWqixOn5S5iMjjan4UJEUQKqfPfoZuXEN2eUnTmM84SfiWlvq97fEJcQV8XasgdY83cXcJrDDGM47JYRWc9qMEkYMFZyz.js (435)
[14379:259:0124/145826.030419:INFO:CONSOLE(435)] "Rendering was performed in a subtree hidden by content-visibility.", source: https://static.cdninstagram.com/rsrc.php/v4iIPS4/yz/l/rt/IGyh6FUuJwYnNqdXeguPWl9qWtdxo4jSJzUow4mrRNnLb4klL3-OP2WCGXu8DIPTpbEJQnrKjd_BYbII0Vb7XfKAcihpAHHOASsdHjsMdvH8qsHJwGYS9SEl4j2RIPnSGkpaUDCsRFwAiH7qTpPuRJjYyWrAkFFqMQobcT6N3IdlWqixOn5S5iMjjan4UJEUQKqfPfoZuXEN2eUnTmM84SfiWlvq97fEJcQV8XasgdY83cXcJrDDGM47JYRWc9qMEkYMFZyz.js (435)
[14379:259:0124/145826.030497:INFO:CONSOLE(435)] "Rendering was performed in a subtree hidden by content-visibility.", source: https://static.cdninstagram.com/rsrc.php/v4iIPS4/yz/l/rt/IGyh6FUuJwYnNqdXeguPWl9qWtdxo4jSJzUow4mrRNnLb4klL3-OP2WCGXu8DIPTpbEJQnrKjd_BYbII0Vb7XfKAcihpAHHOASsdHjsMdvH8qsHJwGYS9SEl4j2RIPnSGkpaUDCsRFwAiH7qTpPuRJjYyWrAkFFqMQobcT6N3IdlWqixOn5S5iMjjan4UJEUQKqfPfoZuXEN2eUnTmM84SfiWlvq97fEJcQV8XasgdY83cXcJrDDGM47JYRWc9qMEkYMFZyz.js (435)
[14379:259:0124/145826.213088:INFO:CONSOLE(435)] "Rendering was performed in a subtree hidden by content-visibility.", source: https://static.cdninstagram.com/rsrc.php/v4iIPS4/yz/l/rt/IGyh6FUuJwYnNqdXeguPWl9qWtdxo4jSJzUow4mrRNnLb4klL3-OP2WCGXu8DIPTpbEJQnrKjd_BYbII0Vb7XfKAcihpAHHOASsdHjsMdvH8qsHJwGYS9SEl4j2RIPnSGkpaUDCsRFwAiH7qTpPuRJjYyWrAkFFqMQobcT6N3IdlWqixOn5S5iMjjan4UJEUQKqfPfoZuXEN2eUnTmM84SfiWlvq97fEJcQV8XasgdY83cXcJrDDGM47JYRWc9qMEkYMFZyz.js (435)
[14379:259:0124/145826.213178:INFO:CONSOLE(435)] "Rendering was performed in a subtree hidden by content-visibility.", source: https://static.cdninstagram.com/rsrc.php/v4iIPS4/yz/l/rt/IGyh6FUuJwYnNqdXeguPWl9qWtdxo4jSJzUow4mrRNnLb4klL3-OP2WCGXu8DIPTpbEJQnrKjd_BYbII0Vb7XfKAcihpAHHOASsdHjsMdvH8qsHJwGYS9SEl4j2RIPnSGkpaUDCsRFwAiH7qTpPuRJjYyWrAkFFqMQobcT6N3IdlWqixOn5S5iMjjan4UJEUQKqfPfoZuXEN2eUnTmM84SfiWlvq97fEJcQV8XasgdY83cXcJrDDGM47JYRWc9qMEkYMFZyz.js (435)
[14379:259:0124/145829.549905:INFO:CONSOLE(238)] "
%cЗупиніться! font-family:helvetica; font-size:20px; font-size:50px; font-weight:bold; color:red; -webkit-text-stroke:1px black;", source: https://static.cdninstagram.com/rsrc.php/v4/yV/r/UuR9wRCx8wi.js (238)
[14379:259:0124/145829.550009:INFO:CONSOLE(238)] "
%cЦю функцію браузера призначено для розробників. Якщо хтось сказав вам щось скопіювати й сюди вставити, щоб увімкнути функцію Instagram або «зламати» чийсь обліковий запис, це шахраї. Виконавши ці дії, ви надасте їм доступ до свого облікового запису Instagram. font-family:helvetica; font-size:20px; ", source: https://static.cdninstagram.com/rsrc.php/v4/yV/r/UuR9wRCx8wi.js (238)
[14379:259:0124/145829.550278:INFO:CONSOLE(238)] "
%cПерегляньте https://www.facebook.com/selfxss для додаткової інформації. font-family:helvetica; font-size:20px; ", source: https://static.cdninstagram.com/rsrc.php/v4/yV/r/UuR9wRCx8wi.js (238)
[14379:259:0124/145829.550387:INFO:CONSOLE(238)] "
%c ", source: https://static.cdninstagram.com/rsrc.php/v4/yV/r/UuR9wRCx8wi.js (238)
[14379:259:0124/145829.765652:INFO:CONSOLE(0)] "Banner not shown: beforeinstallpromptevent.preventDefault() called. The page must call beforeinstallpromptevent.prompt() to show the banner.", source: https://www.instagram.com/ (0)
[14379:259:0124/145833.080900:INFO:CONSOLE(234)] "Permissions policy violation: unload is not allowed in this document.", source: https://static.xx.fbcdn.net/rsrc.php/v4/yV/r/UuR9wRCx8wi.js (234)
[14384:13827:0124/145838.021904:WARNING:sqlite_persistent_store_backend_base.cc(198)] Failed to post task from FlushAndNotifyInBackground@net/extras/sqlite/sqlite_persistent_store_backend_base.cc:248 to client_task_runner_.
[14384:13827:0124/145838.022274:WARNING:sqlite_persistent_store_backend_base.cc(198)] Failed to post task from FlushAndNotifyInBackground@net/extras/sqlite/sqlite_persistent_store_backend_base.cc:248 to client_task_runner_.
